\BOOKMARK [1][-]{section.1}{\376\377\000I\000n\000t\000r\000o\000d\000u\000c\000t\000i\000o\000n}{}% 1
\BOOKMARK [2][-]{subsection.1.1}{\376\377\000R\000e\000s\000e\000a\000r\000c\000h\000\040\000Q\000u\000e\000s\000t\000i\000o\000n\000\040\000a\000n\000d\000\040\000M\000o\000t\000i\000v\000a\000t\000i\000o\000n}{section.1}% 2
\BOOKMARK [2][-]{subsection.1.2}{\376\377\000R\000e\000l\000a\000t\000e\000d\000\040\000C\000o\000n\000c\000e\000p\000t\000s}{section.1}% 3
\BOOKMARK [1][-]{section.2}{\376\377\000M\000e\000t\000h\000o\000d\000o\000l\000o\000g\000y}{}% 4
\BOOKMARK [2][-]{subsection.2.1}{\376\377\000D\000a\000t\000a\000s\000e\000t}{section.2}% 5
\BOOKMARK [2][-]{subsection.2.2}{\376\377\000M\000o\000d\000e\000l\000s}{section.2}% 6
\BOOKMARK [2][-]{subsection.2.3}{\376\377\000E\000x\000p\000l\000a\000n\000a\000t\000i\000o\000n\000\040\000M\000e\000t\000h\000o\000d}{section.2}% 7
\BOOKMARK [2][-]{subsection.2.4}{\376\377\000E\000v\000a\000l\000u\000a\000t\000i\000o\000n\000\040\000M\000e\000t\000r\000i\000c\000s}{section.2}% 8
\BOOKMARK [3][-]{subsubsection.2.4.1}{\376\377\000F\000e\000a\000t\000u\000r\000e\000\040\000R\000a\000n\000k\000i\000n\000g\000\040\000C\000o\000r\000r\000e\000l\000a\000t\000i\000o\000n}{subsection.2.4}% 9
\BOOKMARK [3][-]{subsubsection.2.4.2}{\376\377\000S\000H\000A\000P\000\040\000V\000a\000l\000u\000e\000\040\000V\000a\000r\000i\000a\000n\000c\000e}{subsection.2.4}% 10
\BOOKMARK [3][-]{subsubsection.2.4.3}{\376\377\000E\000x\000p\000l\000a\000n\000a\000t\000i\000o\000n\000\040\000C\000o\000n\000s\000i\000s\000t\000e\000n\000c\000y}{subsection.2.4}% 11
\BOOKMARK [1][-]{section.3}{\376\377\000R\000e\000s\000u\000l\000t\000s}{}% 12
\BOOKMARK [2][-]{subsection.3.1}{\376\377\000M\000o\000d\000e\000l\000\040\000S\000t\000a\000b\000i\000l\000i\000t\000y\000\040\000C\000o\000m\000p\000a\000r\000i\000s\000o\000n}{section.3}% 13
\BOOKMARK [2][-]{subsection.3.2}{\376\377\000K\000e\000y\000\040\000F\000i\000n\000d\000i\000n\000g\000s}{section.3}% 14
\BOOKMARK [3][-]{subsubsection.3.2.1}{\376\377\000R\000a\000n\000k\000i\000n\000g\000\040\000C\000o\000r\000r\000e\000l\000a\000t\000i\000o\000n}{subsection.3.2}% 15
\BOOKMARK [3][-]{subsubsection.3.2.2}{\376\377\000S\000H\000A\000P\000\040\000V\000a\000l\000u\000e\000\040\000V\000a\000r\000i\000a\000n\000c\000e}{subsection.3.2}% 16
\BOOKMARK [3][-]{subsubsection.3.2.3}{\376\377\000E\000x\000p\000l\000a\000n\000a\000t\000i\000o\000n\000\040\000C\000o\000n\000s\000i\000s\000t\000e\000n\000c\000y}{subsection.3.2}% 17
\BOOKMARK [2][-]{subsection.3.3}{\376\377\000V\000i\000s\000u\000a\000l\000\040\000A\000n\000a\000l\000y\000s\000i\000s}{section.3}% 18
\BOOKMARK [2][-]{subsection.3.4}{\376\377\000M\000o\000d\000e\000l\000-\000S\000p\000e\000c\000i\000f\000i\000c\000\040\000A\000n\000a\000l\000y\000s\000i\000s}{section.3}% 19
\BOOKMARK [3][-]{subsubsection.3.4.1}{\376\377\000X\000G\000B\000o\000o\000s\000t}{subsection.3.4}% 20
\BOOKMARK [3][-]{subsubsection.3.4.2}{\376\377\000R\000a\000n\000d\000o\000m\000\040\000F\000o\000r\000e\000s\000t}{subsection.3.4}% 21
\BOOKMARK [3][-]{subsubsection.3.4.3}{\376\377\000L\000o\000g\000i\000s\000t\000i\000c\000\040\000R\000e\000g\000r\000e\000s\000s\000i\000o\000n}{subsection.3.4}% 22
\BOOKMARK [1][-]{section.4}{\376\377\000D\000i\000s\000c\000u\000s\000s\000i\000o\000n}{}% 23
\BOOKMARK [2][-]{subsection.4.1}{\376\377\000I\000n\000t\000e\000r\000p\000r\000e\000t\000a\000t\000i\000o\000n\000\040\000o\000f\000\040\000R\000e\000s\000u\000l\000t\000s}{section.4}% 24
\BOOKMARK [2][-]{subsection.4.2}{\376\377\000L\000i\000m\000i\000t\000a\000t\000i\000o\000n\000s}{section.4}% 25
\BOOKMARK [2][-]{subsection.4.3}{\376\377\000P\000r\000a\000c\000t\000i\000c\000a\000l\000\040\000R\000e\000c\000o\000m\000m\000e\000n\000d\000a\000t\000i\000o\000n\000s}{section.4}% 26
\BOOKMARK [1][-]{section.5}{\376\377\000C\000o\000n\000c\000l\000u\000s\000i\000o\000n}{}% 27
\BOOKMARK [1][-]{section.6}{\376\377\000R\000e\000p\000r\000o\000d\000u\000c\000i\000b\000i\000l\000i\000t\000y}{}% 28
